0 info it worked if it ends with ok
1 warn npm npm does not support Node.js v8.11.3
2 warn npm You should probably upgrade to a newer version of node as we
3 warn npm can't make any promises that npm will work with this version.
4 warn npm Supported releases of Node.js are the latest release of 4, 6, 7, 8, 9.
5 warn npm You can find the latest version at https://nodejs.org/
6 verbose cli [ '/usr/local/bin/node', '/usr/local/bin/npm', 'run', 'build' ]
7 info using npm@1.3.5
8 info using node@v8.11.3
9 verbose run-script [ 'prebuild', 'build', 'postbuild' ]
10 info prebuild the-urlist@1.0.0
11 info build the-urlist@1.0.0
12 verbose unsafe-perm in lifecycle true
13 info postbuild the-urlist@1.0.0
14 verbose exit [ 0, true ]
15 error TypeError: glob.hasMagic is not a function
15 error     at rimraf (/usr/local/lib/node_modules/npm/node_modules/rimraf/rimraf.js:62:36)
15 error     at exit (/usr/local/lib/node_modules/npm/lib/utils/error-handler.js:54:8)
15 error     at errorHandler (/usr/local/lib/node_modules/npm/lib/utils/error-handler.js:84:19)
15 error     at /usr/local/lib/node_modules/npm/bin/npm-cli.js:89:20
15 error     at LOOP (/usr/local/lib/node_modules/npm/node_modules/slide/lib/chain.js:7:26)
15 error     at /usr/local/lib/node_modules/npm/node_modules/slide/lib/chain.js:18:7
15 error     at LOOP (/usr/local/lib/node_modules/npm/node_modules/slide/lib/chain.js:7:26)
15 error     at /usr/local/lib/node_modules/npm/node_modules/slide/lib/chain.js:18:7
15 error     at /usr/local/lib/node_modules/npm/lib/utils/lifecycle.js:187:20
15 error     at FSReqWrap.oncomplete (fs.js:152:21)
16 error If you need help, you may report this log at:
16 error     <http://github.com/isaacs/npm/issues>
16 error or email it to:
16 error     <npm-@googlegroups.com>
17 error System Darwin 18.6.0
18 error command "/usr/local/bin/node" "/usr/local/bin/npm" "run" "build"
19 error cwd /Users/burkeholland/Dev/the-urlist/frontend-vue-typescript
20 error node -v v8.11.3
21 error npm -v 1.3.5
22 verbose exit [ 1, true ]
